Initializing sampler...
Preparing external LHS samples...
Running sampling with external LHS...
DEBUG: Iter 0 start
DEBUG: LHS LogDensities[0]: [-0.02272861]
DEBUG: LHS Points[0][0]: [0.30950001 0.67949998]
DEBUG: After Weighting Update
DEBUG: wdeno_list[0][0]: 1.170996630486383
DEBUG: After Generation
DEBUG: Generated Point[0]: [0.42056867 0.64858315]
DEBUG: Generated LogDen[0]: -1.083330368541148
Extracting results...

Results Summary:
Total samples: 100
Effective sample size: 4713.9

True mean: [0.3 0.7]
Estimated mean: [0.30465457 0.69093063]
Mean error: 0.010194

True covariance diagonal: [0.01 0.02]
Estimated covariance diagonal: [0.00888147 0.01872288]

Plot saved to: basic_results/sampling_results.png

Basic example completed successfully!
For more complex examples, see multimodal_example.py
